0 verbose cli C:\Program Files\nodejs\node.exe C:\Users\sicze\AppData\Roaming\npm\node_modules\npm\bin\npm-cli.js
1 info using npm@10.2.3
2 info using node@v21.1.0
3 timing npm:load:whichnode Completed in 2ms
4 timing config:load:defaults Completed in 1ms
5 timing config:load:file:C:\Users\sicze\AppData\Roaming\npm\node_modules\npm\npmrc Completed in 3ms
6 timing config:load:builtin Completed in 3ms
7 timing config:load:cli Completed in 1ms
8 timing config:load:env Completed in 1ms
9 timing config:load:file:C:\Users\sicze\OneDrive\Desktop\myCode\podphonic_two\podphonic-three\.npmrc Completed in 0ms
10 timing config:load:project Completed in 1ms
11 timing config:load:file:C:\Users\sicze\.npmrc Completed in 0ms
12 timing config:load:user Completed in 1ms
13 timing config:load:file:C:\Users\sicze\AppData\Roaming\npm\etc\npmrc Completed in 0ms
14 timing config:load:global Completed in 0ms
15 timing config:load:setEnvs Completed in 0ms
16 timing config:load Completed in 8ms
17 timing npm:load:configload Completed in 8ms
18 timing config:load:flatten Completed in 2ms
19 timing npm:load:mkdirpcache Completed in 0ms
20 timing npm:load:mkdirplogs Completed in 0ms
21 verbose title npm config list
22 verbose argv "config" "list"
23 timing npm:load:setTitle Completed in 1ms
24 timing npm:load:display Completed in 0ms
25 verbose logfile logs-max:10 dir:C:\Users\sicze\Onedrive\Desktop\myCode\podphonic_two\UserssiczeAppDataLocalnpm-cache\_logs\2023-11-14T18_19_24_903Z-
26 verbose logfile C:\Users\sicze\Onedrive\Desktop\myCode\podphonic_two\UserssiczeAppDataLocalnpm-cache\_logs\2023-11-14T18_19_24_903Z-debug-0.log
27 timing npm:load:logFile Completed in 10ms
28 timing npm:load:timers Completed in 0ms
29 timing npm:load:configScope Completed in 0ms
30 timing npm:load Completed in 46ms
31 silly logfile done cleaning log files
32 timing command:config Completed in 6ms
33 verbose exit 0
34 timing npm Completed in 96ms
35 info ok
